
Open browser!
Login successfully!
Current bid amount is 500!
There is no <Bid> buttons!. Retry number 1
Current bid amount is 500!
There is no <Bid> buttons!. Retry number 2
Current bid amount is 500!
There is no <Bid> buttons!. Retry number 3
Current bid amount is 500!
There is no <Bid> buttons!. Retry number 4
Current bid amount is 500!
There is no <Bid> buttons!. Retry number 5
Current bid amount is 500!
There is no <Bid> buttons!. Retry number 6
Current bid amount is 500!
There is no <Bid> buttons!. Retry number 7
Current bid amount is 500!
There is no <Bid> buttons!. Retry number 8
Current bid amount is 500!
There is no <Bid> buttons!. Retry number 9
Current bid amount is 500!
There is no <Bid> buttons!. Retry number 10
Current bid amount is 500!
There is no <Bid> buttons!. Retry number 11
Current bid amount is 500!
There is no <Bid> buttons!. Retry number 12
Current bid amount is 500!
There is no <Bid> buttons!. Retry number 13
Current bid amount is 500!
There is no <Bid> buttons!. Retry number 14
Current bid amount is 500!
There is no <Bid> buttons!. Retry number 15
Current bid amount is 500!
There is no <Bid> buttons!. Retry number 16
Current bid amount is 500!
There is no <Bid> buttons!. Retry number 17
Current bid amount is 500!
There is no <Bid> buttons!. Retry number 18
Current bid amount is 500!
There is no <Bid> buttons!. Retry number 19
Current bid amount is 500!
There is no <Bid> buttons!. Retry number 20
Current bid amount is 500!
There is no <Bid> buttons!. Retry number 21
Current bid amount is 500!
There is no <Bid> buttons!. Retry number 22
Current bid amount is 500!
There is no <Bid> buttons!. Retry number 23
Current bid amount is 500!
There is no <Bid> buttons!. Retry number 24
Current bid amount is 500!
There is no <Bid> buttons!. Retry number 25
Current bid amount is 500!
There is no <Bid> buttons!. Retry number 26
Current bid amount is 500!
There is no <Bid> buttons!. Retry number 27
Current bid amount is 500!
There is no <Bid> buttons!. Retry number 28
Current bid amount is 500!
There is no <Bid> buttons!. Retry number 29
Current bid amount is 500!
There is no <Bid> buttons!. Retry number 30
Current bid amount is 500!
There is no <Bid> buttons!. Retry number 31
Current bid amount is 500!
There is no <Bid> buttons!. Retry number 32
Current bid amount is 500!
There is no <Bid> buttons!. Retry number 33
Current bid amount is 500!
There is no <Bid> buttons!. Retry number 34
Current bid amount is 500!
There is no <Bid> buttons!. Retry number 35
Current bid amount is 500!
There is no <Bid> buttons!. Retry number 36
Current bid amount is 500!
There is no <Bid> buttons!. Retry number 37
Current bid amount is 500!
There is no <Bid> buttons!. Retry number 38
Current bid amount is 500!
There is no <Bid> buttons!. Retry number 39
Current bid amount is 500!
There is no <Bid> buttons!. Retry number 40
Current bid amount is 500!
There is no <Bid> buttons!. Retry number 41
Current bid amount is 500!
There is no <Bid> buttons!. Retry number 42
Current bid amount is 500!
There is no <Bid> buttons!. Retry number 43
Current bid amount is 500!
There is no <Bid> buttons!. Retry number 44
Current bid amount is 500!
There is no <Bid> buttons!. Retry number 45
Current bid amount is 500!
There is no <Bid> buttons!. Retry number 46
Current bid amount is 500!
There is no <Bid> buttons!. Retry number 47
Current bid amount is 500!
There is no <Bid> buttons!. Retry number 48
Current bid amount is 500!
There is no <Bid> buttons!. Retry number 49
Current bid amount is 500!
There is no <Bid> buttons!. Retry number 50
Current bid amount is 500!
There is no <Bid> buttons!. Retry number 51
Current bid amount is 500!
There is no <Bid> buttons!. Retry number 52
Current bid amount is 500!
There is no <Bid> buttons!. Retry number 53
Current bid amount is 500!
There is no <Bid> buttons!. Retry number 54
Current bid amount is 500!
There is no <Bid> buttons!. Retry number 55
Current bid amount is 500!
There is no <Bid> buttons!. Retry number 56
Current bid amount is 500!
There is no <Bid> buttons!. Retry number 57
Current bid amount is 500!
There is no <Bid> buttons!. Retry number 58
Current bid amount is 500!
There is no <Bid> buttons!. Retry number 59
Current bid amount is 500!
There is no <Bid> buttons!. Retry number 60
Current bid amount is 500!
There is no <Bid> buttons!. Retry number 61
Current bid amount is 500!
There is no <Bid> buttons!. Retry number 62
Current bid amount is 500!
There is no <Bid> buttons!. Retry number 63
Current bid amount is 500!
There is no <Bid> buttons!. Retry number 64
Current bid amount is 500!
There is no <Bid> buttons!. Retry number 65
Current bid amount is 500!
There is no <Bid> buttons!. Retry number 66
Current bid amount is 500!
There is no <Bid> buttons!. Retry number 67
Current bid amount is 500!
There is no <Bid> buttons!. Retry number 68
Current bid amount is 500!
There is no <Bid> buttons!. Retry number 69
Current bid amount is 500!
There is no <Bid> buttons!. Retry number 70
Current bid amount is 500!
There is no <Bid> buttons!. Retry number 71
Current bid amount is 500!
There is no <Bid> buttons!. Retry number 72
Current bid amount is 500!
There is no <Bid> buttons!. Retry number 73
Current bid amount is 500!
There is no <Bid> buttons!. Retry number 74
Current bid amount is 500!
There is no <Bid> buttons!. Retry number 75
Current bid amount is 500!
There is no <Bid> buttons!. Retry number 76
Current bid amount is 500!
There is no <Bid> buttons!. Retry number 77
Current bid amount is 500!
There is no <Bid> buttons!. Retry number 78
Current bid amount is 500!
There is no <Bid> buttons!. Retry number 79
Current bid amount is 500!
There is no <Bid> buttons!. Retry number 80
Current bid amount is 500!
There is no <Bid> buttons!. Retry number 81
Current bid amount is 500!
There is no <Bid> buttons!. Retry number 82
Current bid amount is 500!
There is no <Bid> buttons!. Retry number 83
Current bid amount is 500!
There is no <Bid> buttons!. Retry number 84
Current bid amount is 500!
There is no <Bid> buttons!. Retry number 85
Current bid amount is 500!
There is no <Bid> buttons!. Retry number 86
Current bid amount is 500!
There is no <Bid> buttons!. Retry number 87
Current bid amount is 500!
There is no <Bid> buttons!. Retry number 88
Current bid amount is 500!
There is no <Bid> buttons!. Retry number 89
Current bid amount is 500!
There is no <Bid> buttons!. Retry number 90
Current bid amount is 500!
There is no <Bid> buttons!. Retry number 91
Current bid amount is 500!
There is no <Bid> buttons!. Retry number 92
Current bid amount is 500!
There is no <Bid> buttons!. Retry number 93
Current bid amount is 500!
There is no <Bid> buttons!. Retry number 94
Current bid amount is 500!
There is no <Bid> buttons!. Retry number 95
Current bid amount is 500!
There is no <Bid> buttons!. Retry number 96
Current bid amount is 500!
There is no <Bid> buttons!. Retry number 97
Current bid amount is 500!
There is no <Bid> buttons!. Retry number 98
Current bid amount is 500!
There is no <Bid> buttons!. Retry number 99
Current bid amount is 500!
There is no <Bid> buttons!. Retry number 100
Current bid amount is 500!
There is no <Bid> buttons!. Retry number 101
Current bid amount is 500!
There is no <Bid> buttons!. Retry number 102
Current bid amount is 500!
There is no <Bid> buttons!. Retry number 103
Current bid amount is 500!
There is no <Bid> buttons!. Retry number 104
Current bid amount is 500!
There is no <Bid> buttons!. Retry number 105
Current bid amount is 500!
There is no <Bid> buttons!. Retry number 106
Current bid amount is 500!
There is no <Bid> buttons!. Retry number 107
Current bid amount is 500!
There is no <Bid> buttons!. Retry number 108
Current bid amount is 500!
There is no <Bid> buttons!. Retry number 109
Current bid amount is 500!
There is no <Bid> buttons!. Retry number 110
Current bid amount is 500!
There is no <Bid> buttons!. Retry number 111
Current bid amount is 500!
There is no <Bid> buttons!. Retry number 112
Current bid amount is 500!
There is no <Bid> buttons!. Retry number 113
Current bid amount is 500!
There is no <Bid> buttons!. Retry number 114
Current bid amount is 500!
There is no <Bid> buttons!. Retry number 115
Current bid amount is 500!
There is no <Bid> buttons!. Retry number 116
Current bid amount is 500!
There is no <Bid> buttons!. Retry number 117
Current bid amount is 500!
There is no <Bid> buttons!. Retry number 118
Current bid amount is 500!
There is no <Bid> buttons!. Retry number 119
Current bid amount is 500!
There is no <Bid> buttons!. Retry number 120
Current bid amount is 500!
There is no <Bid> buttons!. Retry number 121
Current bid amount is 500!
There is no <Bid> buttons!. Retry number 122
Current bid amount is 500!
There is no <Bid> buttons!. Retry number 123
Current bid amount is 500!
There is no <Bid> buttons!. Retry number 124
Current bid amount is 500!
There is no <Bid> buttons!. Retry number 125
Current bid amount is 500!
There is no <Bid> buttons!. Retry number 126
Current bid amount is 500!
There is no <Bid> buttons!. Retry number 127
Current bid amount is 500!
There is no <Bid> buttons!. Retry number 128
Current bid amount is 500!
There is no <Bid> buttons!. Retry number 129
Current bid amount is 500!
There is no <Bid> buttons!. Retry number 130
Current bid amount is 500!
There is no <Bid> buttons!. Retry number 131
Current bid amount is 500!
There is no <Bid> buttons!. Retry number 132
Current bid amount is 500!
There is no <Bid> buttons!. Retry number 133
Current bid amount is 500!
There is no <Bid> buttons!. Retry number 134
Current bid amount is 500!
There is no <Bid> buttons!. Retry number 135
Current bid amount is 500!
There is no <Bid> buttons!. Retry number 136
Current bid amount is 500!
There is no <Bid> buttons!. Retry number 137
Current bid amount is 500!
There is no <Bid> buttons!. Retry number 138
Current bid amount is 500!
There is no <Bid> buttons!. Retry number 139
Current bid amount is 500!
There is no <Bid> buttons!. Retry number 140
Current bid amount is 500!
There is no <Bid> buttons!. Retry number 141
Current bid amount is 500!
There is no <Bid> buttons!. Retry number 142
Current bid amount is 500!
There is no <Bid> buttons!. Retry number 143
Current bid amount is 500!
There is no <Bid> buttons!. Retry number 144
Current bid amount is 500!
There is no <Bid> buttons!. Retry number 145
Current bid amount is 500!
There is no <Bid> buttons!. Retry number 146
Current bid amount is 500!
There is no <Bid> buttons!. Retry number 147
Current bid amount is 500!
There is no <Bid> buttons!. Retry number 148
Current bid amount is 500!
There is no <Bid> buttons!. Retry number 149
Current bid amount is 500!
There is no <Bid> buttons!. Retry number 150
Current bid amount is 500!
There is no <Bid> buttons!. Retry number 151
Current bid amount is 500!
There is no <Bid> buttons!. Retry number 152
Current bid amount is 500!
There is no <Bid> buttons!. Retry number 153
Current bid amount is 500!
There is no <Bid> buttons!. Retry number 154
Current bid amount is 500!
There is no <Bid> buttons!. Retry number 155
Current bid amount is 500!
There is no <Bid> buttons!. Retry number 156
Current bid amount is 500!
There is no <Bid> buttons!. Retry number 157
Current bid amount is 500!
There is no <Bid> buttons!. Retry number 158
Current bid amount is 500!
There is no <Bid> buttons!. Retry number 159
Current bid amount is 500!
There is no <Bid> buttons!. Retry number 160
Current bid amount is 500!
There is no <Bid> buttons!. Retry number 161
Current bid amount is 500!
There is no <Bid> buttons!. Retry number 162
Current bid amount is 500!
There is no <Bid> buttons!. Retry number 163
Current bid amount is 500!
There is no <Bid> buttons!. Retry number 164
Current bid amount is 500!
There is no <Bid> buttons!. Retry number 165
Current bid amount is 500!
There is no <Bid> buttons!. Retry number 166
Current bid amount is 500!
There is no <Bid> buttons!. Retry number 167
Current bid amount is 500!
There is no <Bid> buttons!. Retry number 168
Current bid amount is 500!
There is no <Bid> buttons!. Retry number 169
Current bid amount is 500!
There is no <Bid> buttons!. Retry number 170
Current bid amount is 500!
There is no <Bid> buttons!. Retry number 171
Current bid amount is 500!
There is no <Bid> buttons!. Retry number 172
Current bid amount is 500!
There is no <Bid> buttons!. Retry number 173
Current bid amount is 500!
There is no <Bid> buttons!. Retry number 174
Current bid amount is 500!
There is no <Bid> buttons!. Retry number 175
Current bid amount is 500!
There is no <Bid> buttons!. Retry number 176
Current bid amount is 500!
There is no <Bid> buttons!. Retry number 177
Current bid amount is 500!
There is no <Bid> buttons!. Retry number 178
Current bid amount is 500!
There is no <Bid> buttons!. Retry number 179
Current bid amount is 500!
There is no <Bid> buttons!. Retry number 180
Current bid amount is 500!
There is no <Bid> buttons!. Retry number 181
Current bid amount is 500!
There is no <Bid> buttons!. Retry number 182
Current bid amount is 500!
There is no <Bid> buttons!. Retry number 183
Current bid amount is 500!
There is no <Bid> buttons!. Retry number 184
Current bid amount is 500!
There is no <Bid> buttons!. Retry number 185
Current bid amount is 500!
There is no <Bid> buttons!. Retry number 186
Current bid amount is 500!
There is no <Bid> buttons!. Retry number 187
Current bid amount is 500!
There is no <Bid> buttons!. Retry number 188
Current bid amount is 500!
There is no <Bid> buttons!. Retry number 189
Current bid amount is 500!
There is no <Bid> buttons!. Retry number 190
Current bid amount is 500!
There is no <Bid> buttons!. Retry number 191
Current bid amount is 500!
There is no <Bid> buttons!. Retry number 192
Current bid amount is 500!
There is no <Bid> buttons!. Retry number 193
Current bid amount is 500!
There is no <Bid> buttons!. Retry number 194
Current bid amount is 500!
There is no <Bid> buttons!. Retry number 195
Current bid amount is 500!
There is no <Bid> buttons!. Retry number 196
Current bid amount is 500!
There is no <Bid> buttons!. Retry number 197
Current bid amount is 500!
There is no <Bid> buttons!. Retry number 198
Current bid amount is 500!
There is no <Bid> buttons!. Retry number 199
Current bid amount is 500!
There is no <Bid> buttons!. Retry number 200
Current bid amount is 500!
There is no <Bid> buttons!. Retry number 201
Current bid amount is 500!
There is no <Bid> buttons!. Retry number 202
Current bid amount is 500!
There is no <Bid> buttons!. Retry number 203
Current bid amount is 500!
There is no <Bid> buttons!. Retry number 204
Current bid amount is 500!
There is no <Bid> buttons!. Retry number 205
Current bid amount is 500!
There is no <Bid> buttons!. Retry number 206
Current bid amount is 500!
There is no <Bid> buttons!. Retry number 207
Current bid amount is 500!
There is no <Bid> buttons!. Retry number 208
Current bid amount is 500!
There is no <Bid> buttons!. Retry number 209
Current bid amount is 500!
There is no <Bid> buttons!. Retry number 210
Current bid amount is 500!
There is no <Bid> buttons!. Retry number 211
Current bid amount is 500!
There is no <Bid> buttons!. Retry number 212
Current bid amount is 500!
There is no <Bid> buttons!. Retry number 213
Current bid amount is 500!
There is no <Bid> buttons!. Retry number 214
Current bid amount is 500!
There is no <Bid> buttons!. Retry number 215
Current bid amount is 500!
There is no <Bid> buttons!. Retry number 216
Current bid amount is 500!
There is no <Bid> buttons!. Retry number 217
Current bid amount is 500!
There is no <Bid> buttons!. Retry number 218
Current bid amount is 500!
There is no <Bid> buttons!. Retry number 219
Current bid amount is 500!
There is no <Bid> buttons!. Retry number 220
Current bid amount is 500!
There is no <Bid> buttons!. Retry number 221
Current bid amount is 500!
There is no <Bid> buttons!. Retry number 222
Current bid amount is 500!
There is no <Bid> buttons!. Retry number 223
Current bid amount is 500!
There is no <Bid> buttons!. Retry number 224
Current bid amount is 500!
There is no <Bid> buttons!. Retry number 225
Current bid amount is 500!
There is no <Bid> buttons!. Retry number 226
Current bid amount is 500!
There is no <Bid> buttons!. Retry number 227
Current bid amount is 500!
There is no <Bid> buttons!. Retry number 228
Current bid amount is 500!
There is no <Bid> buttons!. Retry number 229
Current bid amount is 500!
There is no <Bid> buttons!. Retry number 230
Current bid amount is 500!
There is no <Bid> buttons!. Retry number 231
Current bid amount is 500!
There is no <Bid> buttons!. Retry number 232
Current bid amount is 500!
There is no <Bid> buttons!. Retry number 233
Current bid amount is 500!
There is no <Bid> buttons!. Retry number 234
Current bid amount is 500!
There is no <Bid> buttons!. Retry number 235
Current bid amount is 500!
There is no <Bid> buttons!. Retry number 236
Current bid amount is 500!
There is no <Bid> buttons!. Retry number 237
Current bid amount is 500!
There is no <Bid> buttons!. Retry number 238
Current bid amount is 500!
There is no <Bid> buttons!. Retry number 239
Current bid amount is 500!
There is no <Bid> buttons!. Retry number 240
Current bid amount is 500!
There is no <Bid> buttons!. Retry number 241
Current bid amount is 500!
There is no <Bid> buttons!. Retry number 242
Current bid amount is 500!
There is no <Bid> buttons!. Retry number 243
Current bid amount is 500!
There is no <Bid> buttons!. Retry number 244
Current bid amount is 500!
There is no <Bid> buttons!. Retry number 245
Current bid amount is 500!
There is no <Bid> buttons!. Retry number 246
Current bid amount is 500!
There is no <Bid> buttons!. Retry number 247
Current bid amount is 500!
There is no <Bid> buttons!. Retry number 248
Current bid amount is 500!
There is no <Bid> buttons!. Retry number 249
Current bid amount is 500!
There is no <Bid> buttons!. Retry number 250
Current bid amount is 500!
There is no <Bid> buttons!. Retry number 251
Current bid amount is 500!
There is no <Bid> buttons!. Retry number 252
Current bid amount is 500!
There is no <Bid> buttons!. Retry number 253
Current bid amount is 500!
There is no <Bid> buttons!. Retry number 254
Current bid amount is 500!
There is no <Bid> buttons!. Retry number 255
Current bid amount is 500!
There is no <Bid> buttons!. Retry number 256
Current bid amount is 500!
There is no <Bid> buttons!. Retry number 257
Current bid amount is 500!
There is no <Bid> buttons!. Retry number 258
Current bid amount is 500!
There is no <Bid> buttons!. Retry number 259
Current bid amount is 500!
There is no <Bid> buttons!. Retry number 260
Current bid amount is 500!
There is no <Bid> buttons!. Retry number 261
Current bid amount is 500!
There is no <Bid> buttons!. Retry number 262
Current bid amount is 500!
There is no <Bid> buttons!. Retry number 263
Current bid amount is 500!
There is no <Bid> buttons!. Retry number 264
Current bid amount is 500!
There is no <Bid> buttons!. Retry number 265
Current bid amount is 500!
There is no <Bid> buttons!. Retry number 266
Current bid amount is 500!
There is no <Bid> buttons!. Retry number 267
Current bid amount is 500!
There is no <Bid> buttons!. Retry number 268
Current bid amount is 500!
There is no <Bid> buttons!. Retry number 269
Current bid amount is 500!
There is no <Bid> buttons!. Retry number 270
Current bid amount is 500!
There is no <Bid> buttons!. Retry number 271
Current bid amount is 500!
There is no <Bid> buttons!. Retry number 272
Current bid amount is 500!
There is no <Bid> buttons!. Retry number 273
Current bid amount is 500!
There is no <Bid> buttons!. Retry number 274
Current bid amount is 500!
There is no <Bid> buttons!. Retry number 275
Current bid amount is 500!
There is no <Bid> buttons!. Retry number 276
Current bid amount is 500!
There is no <Bid> buttons!. Retry number 277
Current bid amount is 500!
There is no <Bid> buttons!. Retry number 278
Current bid amount is 500!
There is no <Bid> buttons!. Retry number 279
Current bid amount is 500!
There is no <Bid> buttons!. Retry number 280
Current bid amount is 500!
There is no <Bid> buttons!. Retry number 281
Current bid amount is 500!
There is no <Bid> buttons!. Retry number 282
Current bid amount is 500!
There is no <Bid> buttons!. Retry number 283
Current bid amount is 500!
There is no <Bid> buttons!. Retry number 284
Current bid amount is 500!
There is no <Bid> buttons!. Retry number 285
Current bid amount is 500!
There is no <Bid> buttons!. Retry number 286
Current bid amount is 500!
There is no <Bid> buttons!. Retry number 287
Current bid amount is 500!
There is no <Bid> buttons!. Retry number 288
Current bid amount is 500!
There is no <Bid> buttons!. Retry number 289
Current bid amount is 500!
There is no <Bid> buttons!. Retry number 290
Current bid amount is 500!
There is no <Bid> buttons!. Retry number 291
Current bid amount is 500!
There is no <Bid> buttons!. Retry number 292
Current bid amount is 500!
There is no <Bid> buttons!. Retry number 293
Current bid amount is 500!
There is no <Bid> buttons!. Retry number 294
Current bid amount is 500!
There is no <Bid> buttons!. Retry number 295
Current bid amount is 500!
There is no <Bid> buttons!. Retry number 296
Current bid amount is 500!
There is no <Bid> buttons!. Retry number 297
Current bid amount is 500!
There is no <Bid> buttons!. Retry number 298
Current bid amount is 500!
There is no <Bid> buttons!. Retry number 299
Current bid amount is 500!
There is no <Bid> buttons!. Retry number 300
Current bid amount is 500!
There is no <Bid> buttons!. Retry number 301
Current bid amount is 500!
There is no <Bid> buttons!. Retry number 302
Current bid amount is 500!
There is no <Bid> buttons!. Retry number 303
Current bid amount is 500!
There is no <Bid> buttons!. Retry number 304
Current bid amount is 500!
There is no <Bid> buttons!. Retry number 305
Current bid amount is 500!
There is no <Bid> buttons!. Retry number 306
Current bid amount is 500!
There is no <Bid> buttons!. Retry number 307
Current bid amount is 500!
There is no <Bid> buttons!. Retry number 308
Current bid amount is 500!
There is no <Bid> buttons!. Retry number 309
Current bid amount is 500!
There is no <Bid> buttons!. Retry number 310
Current bid amount is 500!
There is no <Bid> buttons!. Retry number 311
Current bid amount is 500!
There is no <Bid> buttons!. Retry number 312
Current bid amount is 500!
There is no <Bid> buttons!. Retry number 313
Current bid amount is 500!
There is no <Bid> buttons!. Retry number 314
Current bid amount is 500!
There is no <Bid> buttons!. Retry number 315
Current bid amount is 500!
There is no <Bid> buttons!. Retry number 316
Current bid amount is 500!
There is no <Bid> buttons!. Retry number 317
Current bid amount is 500!
There is no <Bid> buttons!. Retry number 318
Current bid amount is 500!
There is no <Bid> buttons!. Retry number 319
Current bid amount is 500!
There is no <Bid> buttons!. Retry number 320
Current bid amount is 500!
There is no <Bid> buttons!. Retry number 321
Current bid amount is 500!
There is no <Bid> buttons!. Retry number 322
Current bid amount is 500!
There is no <Bid> buttons!. Retry number 323
Current bid amount is 500!
There is no <Bid> buttons!. Retry number 324
Current bid amount is 500!
There is no <Bid> buttons!. Retry number 325
Current bid amount is 500!
There is no <Bid> buttons!. Retry number 326
Current bid amount is 500!
There is no <Bid> buttons!. Retry number 327
Current bid amount is 500!
There is no <Bid> buttons!. Retry number 328
Current bid amount is 500!
There is no <Bid> buttons!. Retry number 329
Current bid amount is 500!
There is no <Bid> buttons!. Retry number 330
Current bid amount is 500!
There is no <Bid> buttons!. Retry number 331
Current bid amount is 500!
There is no <Bid> buttons!. Retry number 332
Current bid amount is 500!
There is no <Bid> buttons!. Retry number 333
Current bid amount is 500!
There is no <Bid> buttons!. Retry number 334
Current bid amount is 500!
There is no <Bid> buttons!. Retry number 335
Current bid amount is 500!
There is no <Bid> buttons!. Retry number 336
Current bid amount is 500!
There is no <Bid> buttons!. Retry number 337
Current bid amount is 500!
There is no <Bid> buttons!. Retry number 338
Current bid amount is 500!
There is no <Bid> buttons!. Retry number 339
Current bid amount is 500!
There is no <Bid> buttons!. Retry number 340
Current bid amount is 500!
There is no <Bid> buttons!. Retry number 341
Current bid amount is 500!
There is no <Bid> buttons!. Retry number 342
Current bid amount is 500!
There is no <Bid> buttons!. Retry number 343
Current bid amount is 500!
There is no <Bid> buttons!. Retry number 344
Current bid amount is 500!
There is no <Bid> buttons!. Retry number 345
Current bid amount is 500!
There is no <Bid> buttons!. Retry number 346
Current bid amount is 500!
There is no <Bid> buttons!. Retry number 347
Current bid amount is 500!
There is no <Bid> buttons!. Retry number 348
Current bid amount is 500!
There is no <Bid> buttons!. Retry number 349
Current bid amount is 500!
There is no <Bid> buttons!. Retry number 350
Current bid amount is 500!
There is no <Bid> buttons!. Retry number 351
Current bid amount is 500!
There is no <Bid> buttons!. Retry number 352
Current bid amount is 500!
There is no <Bid> buttons!. Retry number 353
Current bid amount is 500!
There is no <Bid> buttons!. Retry number 354
Current bid amount is 500!
There is no <Bid> buttons!. Retry number 355
Current bid amount is 500!
There is no <Bid> buttons!. Retry number 356
Current bid amount is 500!
There is no <Bid> buttons!. Retry number 357
Current bid amount is 500!
There is no <Bid> buttons!. Retry number 358
Current bid amount is 500!
There is no <Bid> buttons!. Retry number 359
Current bid amount is 500!
There is no <Bid> buttons!. Retry number 360
Current bid amount is 500!
There is no <Bid> buttons!. Retry number 361
Current bid amount is 500!
There is no <Bid> buttons!. Retry number 362
Current bid amount is 500!
There is no <Bid> buttons!. Retry number 363
Current bid amount is 500!
There is no <Bid> buttons!. Retry number 364
Current bid amount is 500!
There is no <Bid> buttons!. Retry number 365
Current bid amount is 500!
There is no <Bid> buttons!. Retry number 366
Current bid amount is 500!
There is no <Bid> buttons!. Retry number 367
Current bid amount is 500!
There is no <Bid> buttons!. Retry number 368
Current bid amount is 500!
There is no <Bid> buttons!. Retry number 369
Current bid amount is 500!
There is no <Bid> buttons!. Retry number 370
Current bid amount is 500!
There is no <Bid> buttons!. Retry number 371
Current bid amount is 500!
There is no <Bid> buttons!. Retry number 372
Current bid amount is 500!
There is no <Bid> buttons!. Retry number 373
Current bid amount is 500!
There is no <Bid> buttons!. Retry number 374
Current bid amount is 500!
There is no <Bid> buttons!. Retry number 375
Current bid amount is 500!
There is no <Bid> buttons!. Retry number 376
Current bid amount is 500!
There is no <Bid> buttons!. Retry number 377
Current bid amount is 500!
There is no <Bid> buttons!. Retry number 378
Current bid amount is 500!
There is no <Bid> buttons!. Retry number 379
Current bid amount is 500!
There is no <Bid> buttons!. Retry number 380
Current bid amount is 500!
There is no <Bid> buttons!. Retry number 381
Current bid amount is 500!
There is no <Bid> buttons!. Retry number 382
Current bid amount is 500!
There is no <Bid> buttons!. Retry number 383
Current bid amount is 500!
There is no <Bid> buttons!. Retry number 384
Current bid amount is 500!
There is no <Bid> buttons!. Retry number 385
Current bid amount is 500!
There is no <Bid> buttons!. Retry number 386
Current bid amount is 500!
There is no <Bid> buttons!. Retry number 387
Current bid amount is 500!
There is no <Bid> buttons!. Retry number 388
Current bid amount is 500!
There is no <Bid> buttons!. Retry number 389
Current bid amount is 500!
There is no <Bid> buttons!. Retry number 390
Current bid amount is 500!
There is no <Bid> buttons!. Retry number 391
Current bid amount is 500!
There is no <Bid> buttons!. Retry number 392
Current bid amount is 500!
There is no <Bid> buttons!. Retry number 393
Current bid amount is 500!
There is no <Bid> buttons!. Retry number 394
Current bid amount is 500!
There is no <Bid> buttons!. Retry number 395
Current bid amount is 500!
There is no <Bid> buttons!. Retry number 396
Current bid amount is 500!
There is no <Bid> buttons!. Retry number 397
Current bid amount is 500!
There is no <Bid> buttons!. Retry number 398
Current bid amount is 500!
There is no <Bid> buttons!. Retry number 399
Current bid amount is 500!
There is no <Bid> buttons!. Retry number 400
Current bid amount is 500!
There is no <Bid> buttons!. Retry number 401
Current bid amount is 500!
There is no <Bid> buttons!. Retry number 402
Current bid amount is 500!
There is no <Bid> buttons!. Retry number 403
Current bid amount is 500!
There is no <Bid> buttons!. Retry number 404
Current bid amount is 500!
There is no <Bid> buttons!. Retry number 405
Current bid amount is 500!
There is no <Bid> buttons!. Retry number 406
Current bid amount is 500!
There is no <Bid> buttons!. Retry number 407
Current bid amount is 500!
There is no <Bid> buttons!. Retry number 408
Current bid amount is 500!
There is no <Bid> buttons!. Retry number 409
Current bid amount is 500!
There is no <Bid> buttons!. Retry number 410
Current bid amount is 500!
There is no <Bid> buttons!. Retry number 411
Current bid amount is 500!
There is no <Bid> buttons!. Retry number 412
Current bid amount is 500!
There is no <Bid> buttons!. Retry number 413
Current bid amount is 500!
There is no <Bid> buttons!. Retry number 414
Current bid amount is 500!
There is no <Bid> buttons!. Retry number 415
Current bid amount is 500!
There is no <Bid> buttons!. Retry number 416
Current bid amount is 500!
There is no <Bid> buttons!. Retry number 417
Current bid amount is 500!
There is no <Bid> buttons!. Retry number 418
Current bid amount is 500!
There is no <Bid> buttons!. Retry number 419
Current bid amount is 500!
There is no <Bid> buttons!. Retry number 420
Current bid amount is 500!
There is no <Bid> buttons!. Retry number 421
Current bid amount is 500!
There is no <Bid> buttons!. Retry number 422
Current bid amount is 500!
There is no <Bid> buttons!. Retry number 423
Current bid amount is 500!
There is no <Bid> buttons!. Retry number 424
Current bid amount is 500!
There is no <Bid> buttons!. Retry number 425
Current bid amount is 500!
There is no <Bid> buttons!. Retry number 426
Current bid amount is 500!
There is no <Bid> buttons!. Retry number 427
Current bid amount is 500!
There is no <Bid> buttons!. Retry number 428
Current bid amount is 500!
There is no <Bid> buttons!. Retry number 429
Current bid amount is 500!
There is no <Bid> buttons!. Retry number 430
Current bid amount is 500!
There is no <Bid> buttons!. Retry number 431
Current bid amount is 500!
There is no <Bid> buttons!. Retry number 432
Current bid amount is 500!
There is no <Bid> buttons!. Retry number 433
Current bid amount is 500!
There is no <Bid> buttons!. Retry number 434
Current bid amount is 500!
There is no <Bid> buttons!. Retry number 435
Current bid amount is 500!
There is no <Bid> buttons!. Retry number 436
Current bid amount is 500!
There is no <Bid> buttons!. Retry number 437
Current bid amount is 500!
There is no <Bid> buttons!. Retry number 438
Current bid amount is 500!
There is no <Bid> buttons!. Retry number 439
Current bid amount is 500!
There is no <Bid> buttons!. Retry number 440
Current bid amount is 500!
There is no <Bid> buttons!. Retry number 441
Current bid amount is 500!
There is no <Bid> buttons!. Retry number 442
Current bid amount is 500!
There is no <Bid> buttons!. Retry number 443
Current bid amount is 500!
There is no <Bid> buttons!. Retry number 444
Current bid amount is 500!
There is no <Bid> buttons!. Retry number 445
Current bid amount is 500!
There is no <Bid> buttons!. Retry number 446
Current bid amount is 500!
There is no <Bid> buttons!. Retry number 447
Current bid amount is 500!
There is no <Bid> buttons!. Retry number 448
Current bid amount is 500!
There is no <Bid> buttons!. Retry number 449
Current bid amount is 500!
There is no <Bid> buttons!. Retry number 450
Current bid amount is 500!
There is no <Bid> buttons!. Retry number 451
Current bid amount is 500!
There is no <Bid> buttons!. Retry number 452
Current bid amount is 500!
There is no <Bid> buttons!. Retry number 453
Current bid amount is 500!
There is no <Bid> buttons!. Retry number 454
Current bid amount is 500!
There is no <Bid> buttons!. Retry number 455
Current bid amount is 500!
There is no <Bid> buttons!. Retry number 456
Current bid amount is 500!
There is no <Bid> buttons!. Retry number 457
Current bid amount is 500!
There is no <Bid> buttons!. Retry number 458
Current bid amount is 500!
There is no <Bid> buttons!. Retry number 459
Current bid amount is 500!
There is no <Bid> buttons!. Retry number 460
Current bid amount is 500!
There is no <Bid> buttons!. Retry number 461
Current bid amount is 500!
There is no <Bid> buttons!. Retry number 462
Current bid amount is 500!
There is no <Bid> buttons!. Retry number 463
Current bid amount is 500!
There is no <Bid> buttons!. Retry number 464
Current bid amount is 500!
There is no <Bid> buttons!. Retry number 465
Current bid amount is 500!
There is no <Bid> buttons!. Retry number 466
Current bid amount is 500!
There is no <Bid> buttons!. Retry number 467
Current bid amount is 500!
There is no <Bid> buttons!. Retry number 468
Current bid amount is 500!
There is no <Bid> buttons!. Retry number 469
Current bid amount is 500!
There is no <Bid> buttons!. Retry number 470
Current bid amount is 500!
There is no <Bid> buttons!. Retry number 471
Current bid amount is 500!
There is no <Bid> buttons!. Retry number 472
Current bid amount is 500!
There is no <Bid> buttons!. Retry number 473
Current bid amount is 500!
There is no <Bid> buttons!. Retry number 474
Current bid amount is 500!
There is no <Bid> buttons!. Retry number 475
Current bid amount is 500!
There is no <Bid> buttons!. Retry number 476
Current bid amount is 500!
There is no <Bid> buttons!. Retry number 477
Current bid amount is 500!
There is no <Bid> buttons!. Retry number 478
Current bid amount is 500!
There is no <Bid> buttons!. Retry number 479
Current bid amount is 500!
There is no <Bid> buttons!. Retry number 480
Current bid amount is 500!
There is no <Bid> buttons!. Retry number 481
Current bid amount is 500!
There is no <Bid> buttons!. Retry number 482
Current bid amount is 500!
There is no <Bid> buttons!. Retry number 483
Current bid amount is 500!
There is no <Bid> buttons!. Retry number 484
Current bid amount is 500!
There is no <Bid> buttons!. Retry number 485
Current bid amount is 500!
There is no <Bid> buttons!. Retry number 486
Current bid amount is 500!
There is no <Bid> buttons!. Retry number 487
Current bid amount is 500!
There is no <Bid> buttons!. Retry number 488
Current bid amount is 500!
There is no <Bid> buttons!. Retry number 489
Current bid amount is 500!
There is no <Bid> buttons!. Retry number 490
Current bid amount is 500!
There is no <Bid> buttons!. Retry number 491
Current bid amount is 500!
There is no <Bid> buttons!. Retry number 492
Current bid amount is 500!
There is no <Bid> buttons!. Retry number 493
Current bid amount is 500!
There is no <Bid> buttons!. Retry number 494
Current bid amount is 500!
There is no <Bid> buttons!. Retry number 495
Current bid amount is 500!
There is no <Bid> buttons!. Retry number 496
Current bid amount is 500!
There is no <Bid> buttons!. Retry number 497
Current bid amount is 500!
There is no <Bid> buttons!. Retry number 498
Current bid amount is 500!
There is no <Bid> buttons!. Retry number 499
Current bid amount is 500!
There is no <Bid> buttons!. Retry number 500
Current bid amount is 500!
There is no <Bid> buttons!. Retry number 501
Current bid amount is 500!
There is no <Bid> buttons!. Retry number 502
Current bid amount is 500!
There is no <Bid> buttons!. Retry number 503
Current bid amount is 500!
There is no <Bid> buttons!. Retry number 504
Current bid amount is 500!
There is no <Bid> buttons!. Retry number 505
Current bid amount is 500!
There is no <Bid> buttons!. Retry number 506
Current bid amount is 500!
There is no <Bid> buttons!. Retry number 507
Current bid amount is 500!
There is no <Bid> buttons!. Retry number 508
Current bid amount is 500!
There is no <Bid> buttons!. Retry number 509
Current bid amount is 500!
There is no <Bid> buttons!. Retry number 510
Current bid amount is 500!
There is no <Bid> buttons!. Retry number 511
Current bid amount is 500!
There is no <Bid> buttons!. Retry number 512
Current bid amount is 500!
There is no <Bid> buttons!. Retry number 513
Current bid amount is 500!
There is no <Bid> buttons!. Retry number 514
Current bid amount is 500!
There is no <Bid> buttons!. Retry number 515
Current bid amount is 500!
There is no <Bid> buttons!. Retry number 516
Current bid amount is 500!
There is no <Bid> buttons!. Retry number 517
Current bid amount is 500!
There is no <Bid> buttons!. Retry number 518
Current bid amount is 500!
There is no <Bid> buttons!. Retry number 519
Current bid amount is 500!
There is no <Bid> buttons!. Retry number 520
Current bid amount is 500!
There is no <Bid> buttons!. Retry number 521
Current bid amount is 500!
There is no <Bid> buttons!. Retry number 522
Current bid amount is 500!
There is no <Bid> buttons!. Retry number 523
Current bid amount is 500!
There is no <Bid> buttons!. Retry number 524
Current bid amount is 500!
There is no <Bid> buttons!. Retry number 525
Current bid amount is 500!
There is no <Bid> buttons!. Retry number 526
Current bid amount is 500!
There is no <Bid> buttons!. Retry number 527
Current bid amount is 500!
There is no <Bid> buttons!. Retry number 528
Current bid amount is 500!
There is no <Bid> buttons!. Retry number 529
Current bid amount is 500!
There is no <Bid> buttons!. Retry number 530
Current bid amount is 500!
There is no <Bid> buttons!. Retry number 531
Current bid amount is 500!
There is no <Bid> buttons!. Retry number 532
Current bid amount is 500!
There is no <Bid> buttons!. Retry number 533
Current bid amount is 500!
There is no <Bid> buttons!. Retry number 534
Current bid amount is 500!
There is no <Bid> buttons!. Retry number 535
Current bid amount is 500!
There is no <Bid> buttons!. Retry number 536
Current bid amount is 500!
There is no <Bid> buttons!. Retry number 537
Current bid amount is 500!
There is no <Bid> buttons!. Retry number 538
Current bid amount is 500!
There is no <Bid> buttons!. Retry number 539
Current bid amount is 500!
There is no <Bid> buttons!. Retry number 540
Current bid amount is 500!
There is no <Bid> buttons!. Retry number 541
Current bid amount is 500!
There is no <Bid> buttons!. Retry number 542
Current bid amount is 500!
There is no <Bid> buttons!. Retry number 543
Current bid amount is 500!
There is no <Bid> buttons!. Retry number 544
Current bid amount is 500!
There is no <Bid> buttons!. Retry number 545
Current bid amount is 500!
There is no <Bid> buttons!. Retry number 546
Current bid amount is 500!
There is no <Bid> buttons!. Retry number 547
Current bid amount is 500!
There is no <Bid> buttons!. Retry number 548
Current bid amount is 500!
There is no <Bid> buttons!. Retry number 549
Current bid amount is 500!
There is no <Bid> buttons!. Retry number 550
Current bid amount is 500!
There is no <Bid> buttons!. Retry number 551
Current bid amount is 500!
There is no <Bid> buttons!. Retry number 552
Current bid amount is 500!
There is no <Bid> buttons!. Retry number 553
Current bid amount is 500!
There is no <Bid> buttons!. Retry number 554
Current bid amount is 500!
There is no <Bid> buttons!. Retry number 555
Current bid amount is 500!
There is no <Bid> buttons!. Retry number 556
Current bid amount is 500!
There is no <Bid> buttons!. Retry number 557
Current bid amount is 500!
There is no <Bid> buttons!. Retry number 558
Current bid amount is 500!
There is no <Bid> buttons!. Retry number 559
Current bid amount is 500!
There is no <Bid> buttons!. Retry number 560
Current bid amount is 500!
There is no <Bid> buttons!. Retry number 561
Current bid amount is 500!
There is no <Bid> buttons!. Retry number 562
Current bid amount is 500!
There is no <Bid> buttons!. Retry number 563
Current bid amount is 500!
There is no <Bid> buttons!. Retry number 564
Current bid amount is 500!
There is no <Bid> buttons!. Retry number 565
Current bid amount is 500!
There is no <Bid> buttons!. Retry number 566
Current bid amount is 500!
There is no <Bid> buttons!. Retry number 567
Current bid amount is 500!
There is no <Bid> buttons!. Retry number 568
Current bid amount is 500!
There is no <Bid> buttons!. Retry number 569
Current bid amount is 500!
There is no <Bid> buttons!. Retry number 570
Current bid amount is 500!
There is no <Bid> buttons!. Retry number 571
Current bid amount is 500!
There is no <Bid> buttons!. Retry number 572
Current bid amount is 500!
There is no <Bid> buttons!. Retry number 573
Current bid amount is 500!
There is no <Bid> buttons!. Retry number 574
Current bid amount is 500!
There is no <Bid> buttons!. Retry number 575
Current bid amount is 500!
There is no <Bid> buttons!. Retry number 576
Current bid amount is 500!
There is no <Bid> buttons!. Retry number 577
Current bid amount is 500!
There is no <Bid> buttons!. Retry number 578
Current bid amount is 500!
There is no <Bid> buttons!. Retry number 579
Current bid amount is 500!
There is no <Bid> buttons!. Retry number 580
Current bid amount is 500!
There is no <Bid> buttons!. Retry number 581
Current bid amount is 500!
There is no <Bid> buttons!. Retry number 582
Current bid amount is 500!
There is no <Bid> buttons!. Retry number 583
Current bid amount is 500!
There is no <Bid> buttons!. Retry number 584
Current bid amount is 500!
There is no <Bid> buttons!. Retry number 585
Current bid amount is 500!
There is no <Bid> buttons!. Retry number 586
Current bid amount is 500!
There is no <Bid> buttons!. Retry number 587
Current bid amount is 500!
There is no <Bid> buttons!. Retry number 588
Current bid amount is 500!
There is no <Bid> buttons!. Retry number 589
Current bid amount is 500!
There is no <Bid> buttons!. Retry number 590
Current bid amount is 500!
There is no <Bid> buttons!. Retry number 591
Current bid amount is 500!
There is no <Bid> buttons!. Retry number 592
Current bid amount is 500!
There is no <Bid> buttons!. Retry number 593
Current bid amount is 500!
There is no <Bid> buttons!. Retry number 594
Current bid amount is 500!
There is no <Bid> buttons!. Retry number 595
Current bid amount is 500!
There is no <Bid> buttons!. Retry number 596
Current bid amount is 500!
There is no <Bid> buttons!. Retry number 597
Current bid amount is 500!
There is no <Bid> buttons!. Retry number 598
Current bid amount is 500!
There is no <Bid> buttons!. Retry number 599
Current bid amount is 500!
There is no <Bid> buttons!. Retry number 600
Current bid amount is 500!
There is no <Bid> buttons!. Retry number 601
Current bid amount is 500!
There is no <Bid> buttons!. Retry number 602
Current bid amount is 500!
There is no <Bid> buttons!. Retry number 603
Current bid amount is 500!
There is no <Bid> buttons!. Retry number 604
Current bid amount is 500!
There is no <Bid> buttons!. Retry number 605
Current bid amount is 500!
There is no <Bid> buttons!. Retry number 606
Current bid amount is 500!
There is no <Bid> buttons!. Retry number 607
Current bid amount is 500!
There is no <Bid> buttons!. Retry number 608
Current bid amount is 500!
There is no <Bid> buttons!. Retry number 609
Current bid amount is 500!
There is no <Bid> buttons!. Retry number 610
Current bid amount is 500!
There is no <Bid> buttons!. Retry number 611
Current bid amount is 500!
There is no <Bid> buttons!. Retry number 612
Current bid amount is 500!
There is no <Bid> buttons!. Retry number 613
Current bid amount is 500!
There is no <Bid> buttons!. Retry number 614
Current bid amount is 500!
There is no <Bid> buttons!. Retry number 615
Current bid amount is 500!
There is no <Bid> buttons!. Retry number 616
Current bid amount is 500!
There is no <Bid> buttons!. Retry number 617
Current bid amount is 500!
There is no <Bid> buttons!. Retry number 618
Current bid amount is 500!
There is no <Bid> buttons!. Retry number 619
Current bid amount is 500!
There is no <Bid> buttons!. Retry number 620
Current bid amount is 500!
There is no <Bid> buttons!. Retry number 621
Current bid amount is 500!
There is no <Bid> buttons!. Retry number 622
Current bid amount is 500!
There is no <Bid> buttons!. Retry number 623
Current bid amount is 500!
There is no <Bid> buttons!. Retry number 624
Current bid amount is 500!
There is no <Bid> buttons!. Retry number 625
Current bid amount is 500!
There is no <Bid> buttons!. Retry number 626
Current bid amount is 500!
There is no <Bid> buttons!. Retry number 627
Current bid amount is 500!
There is no <Bid> buttons!. Retry number 628
Current bid amount is 500!
There is no <Bid> buttons!. Retry number 629
Current bid amount is 500!
There is no <Bid> buttons!. Retry number 630
Current bid amount is 500!
There is no <Bid> buttons!. Retry number 631
Current bid amount is 500!
There is no <Bid> buttons!. Retry number 632
Current bid amount is 500!
There is no <Bid> buttons!. Retry number 633
Current bid amount is 500!
There is no <Bid> buttons!. Retry number 634
Current bid amount is 500!
There is no <Bid> buttons!. Retry number 635
Current bid amount is 500!
There is no <Bid> buttons!. Retry number 636
Current bid amount is 500!
There is no <Bid> buttons!. Retry number 637
Current bid amount is 500!
There is no <Bid> buttons!. Retry number 638
Current bid amount is 500!
There is no <Bid> buttons!. Retry number 639
Current bid amount is 500!
There is no <Bid> buttons!. Retry number 640
Current bid amount is 500!
There is no <Bid> buttons!. Retry number 641
Current bid amount is 500!
There is no <Bid> buttons!. Retry number 642
Current bid amount is 500!
There is no <Bid> buttons!. Retry number 643
Current bid amount is 500!
There is no <Bid> buttons!. Retry number 644
Current bid amount is 500!
There is no <Bid> buttons!. Retry number 645
Current bid amount is 500!
There is no <Bid> buttons!. Retry number 646
Current bid amount is 500!
There is no <Bid> buttons!. Retry number 647
Current bid amount is 500!
There is no <Bid> buttons!. Retry number 648
Current bid amount is 500!
There is no <Bid> buttons!. Retry number 649
Current bid amount is 500!
There is no <Bid> buttons!. Retry number 650
Current bid amount is 500!
There is no <Bid> buttons!. Retry number 651
Current bid amount is 500!
There is no <Bid> buttons!. Retry number 652
Current bid amount is 500!
There is no <Bid> buttons!. Retry number 653
Current bid amount is 500!
There is no <Bid> buttons!. Retry number 654
Current bid amount is 500!
There is no <Bid> buttons!. Retry number 655
Current bid amount is 500!
There is no <Bid> buttons!. Retry number 656
Current bid amount is 500!
There is no <Bid> buttons!. Retry number 657
Current bid amount is 500!
There is no <Bid> buttons!. Retry number 658
Current bid amount is 500!
There is no <Bid> buttons!. Retry number 659
Current bid amount is 500!
There is no <Bid> buttons!. Retry number 660
Current bid amount is 500!
There is no <Bid> buttons!. Retry number 661
Current bid amount is 500!
There is no <Bid> buttons!. Retry number 662
Current bid amount is 500!
There is no <Bid> buttons!. Retry number 663
Current bid amount is 500!
There is no <Bid> buttons!. Retry number 664
Current bid amount is 500!
There is no <Bid> buttons!. Retry number 665
Current bid amount is 500!
There is no <Bid> buttons!. Retry number 666
Current bid amount is 500!
There is no <Bid> buttons!. Retry number 667
Current bid amount is 500!
There is no <Bid> buttons!. Retry number 668
Current bid amount is 500!
There is no <Bid> buttons!. Retry number 669
Current bid amount is 500!
There is no <Bid> buttons!. Retry number 670
Current bid amount is 500!
There is no <Bid> buttons!. Retry number 671
